<?xml version="1.0" encoding="UTF-8"?>
<testng-results skipped="0" failed="0" ignored="0" total="1" passed="1">
  <reporter-output>
  </reporter-output>
  <suite name="Default suite" duration-ms="29946" started-at="2020-01-16T16:42:57 IST" finished-at="2020-01-16T16:43:27 IST">
    <groups>
    </groups>
    <test name="Default test" duration-ms="29946" started-at="2020-01-16T16:42:57 IST" finished-at="2020-01-16T16:43:27 IST">
      <class name="Basic.MyFirstScript">
        <test-method status="PASS" signature="test()[pri:0, instance:Basic.MyFirstScript@610694f1]" name="test" duration-ms="29880" started-at="2020-01-16T16:42:57 IST" finished-at="2020-01-16T16:43:27 IST">
          <reporter-output>
          </reporter-output>
        </test-method> <!-- test -->
      </class> <!-- Basic.MyFirstScript -->
    </test> <!-- Default test -->
  </suite> <!-- Default suite -->
</testng-results>
